Performing C SOURCE FILE Test CMAKE_HAVE_LIBC_PTHREAD failed with the following output:
Change Dir: /home/zxy/shopping/build/CMakeFiles/CMakeTmp

Run Build Command(s):/usr/bin/make cmTC_74da5/fast && /usr/bin/make -f CMakeFiles/cmTC_74da5.dir/build.make CMakeFiles/cmTC_74da5.dir/build
make[1]: Entering directory '/home/zxy/shopping/build/CMakeFiles/CMakeTmp'
Building C object CMakeFiles/cmTC_74da5.dir/src.c.o
/usr/bin/cc   -DCMAKE_HAVE_LIBC_PTHREAD   -o CMakeFiles/cmTC_74da5.dir/src.c.o   -c /home/zxy/shopping/build/CMakeFiles/CMakeTmp/src.c
Linking C executable cmTC_74da5
/usr/bin/cmake -E cmake_link_script CMakeFiles/cmTC_74da5.dir/link.txt --verbose=1
/usr/bin/cc  -DCMAKE_HAVE_LIBC_PTHREAD    -rdynamic CMakeFiles/cmTC_74da5.dir/src.c.o  -o cmTC_74da5 
/usr/bin/ld: CMakeFiles/cmTC_74da5.dir/src.c.o: in function `main':
src.c:(.text+0x46): undefined reference to `pthread_create'
/usr/bin/ld: src.c:(.text+0x52): undefined reference to `pthread_detach'
/usr/bin/ld: src.c:(.text+0x63): undefined reference to `pthread_join'
collect2: error: ld returned 1 exit status
make[1]: *** [CMakeFiles/cmTC_74da5.dir/build.make:87: cmTC_74da5] Error 1
make[1]: Leaving directory '/home/zxy/shopping/build/CMakeFiles/CMakeTmp'
make: *** [Makefile:121: cmTC_74da5/fast] Error 2


Source file was:
#include <pthread.h>

void* test_func(void* data)
{
  return data;
}

int main(void)
{
  pthread_t thread;
  pthread_create(&thread, NULL, test_func, NULL);
  pthread_detach(thread);
  pthread_join(thread, NULL);
  pthread_atfork(NULL, NULL, NULL);
  pthread_exit(NULL);

  return 0;
}

Determining if the function pthread_create exists in the pthreads failed with the following output:
Change Dir: /home/zxy/shopping/build/CMakeFiles/CMakeTmp

Run Build Command(s):/usr/bin/make cmTC_db446/fast && /usr/bin/make -f CMakeFiles/cmTC_db446.dir/build.make CMakeFiles/cmTC_db446.dir/build
make[1]: Entering directory '/home/zxy/shopping/build/CMakeFiles/CMakeTmp'
Building C object CMakeFiles/cmTC_db446.dir/CheckFunctionExists.c.o
/usr/bin/cc   -DCHECK_FUNCTION_EXISTS=pthread_create   -o CMakeFiles/cmTC_db446.dir/CheckFunctionExists.c.o   -c /usr/share/cmake-3.16/Modules/CheckFunctionExists.c
Linking C executable cmTC_db446
/usr/bin/cmake -E cmake_link_script CMakeFiles/cmTC_db446.dir/link.txt --verbose=1
/usr/bin/cc  -DCHECK_FUNCTION_EXISTS=pthread_create    -rdynamic CMakeFiles/cmTC_db446.dir/CheckFunctionExists.c.o  -o cmTC_db446  -lpthreads 
/usr/bin/ld: cannot find -lpthreads
collect2: error: ld returned 1 exit status
make[1]: *** [CMakeFiles/cmTC_db446.dir/build.make:87: cmTC_db446] Error 1
make[1]: Leaving directory '/home/zxy/shopping/build/CMakeFiles/CMakeTmp'
make: *** [Makefile:121: cmTC_db446/fast] Error 2



Determining if the CL_VERSION_2_0 exist failed with the following output:
Change Dir: /home/zxy/shopping/build/CMakeFiles/CMakeTmp

Run Build Command(s):/usr/bin/make cmTC_faf6e/fast && make[1]: Entering directory '/home/zxy/shopping/build/CMakeFiles/CMakeTmp'
/usr/bin/make -f CMakeFiles/cmTC_faf6e.dir/build.make CMakeFiles/cmTC_faf6e.dir/build
make[2]: Entering directory '/home/zxy/shopping/build/CMakeFiles/CMakeTmp'
Building C object CMakeFiles/cmTC_faf6e.dir/CheckSymbolExists.c.o
/usr/bin/cc    -o CMakeFiles/cmTC_faf6e.dir/CheckSymbolExists.c.o   -c /home/zxy/shopping/build/CMakeFiles/CMakeTmp/CheckSymbolExists.c
/home/zxy/shopping/build/CMakeFiles/CMakeTmp/CheckSymbolExists.c:2:10: fatal error: OpenCL_INCLUDE_DIR-NOTFOUND/CL/cl.h: No such file or directory
    2 | #include <OpenCL_INCLUDE_DIR-NOTFOUND/CL/cl.h>
      |          ^~~~~~~~~~~~~~~~~~~~~~~~~~~~~~~~~~~~~
compilation terminated.
make[2]: *** [CMakeFiles/cmTC_faf6e.dir/build.make:66: CMakeFiles/cmTC_faf6e.dir/CheckSymbolExists.c.o] Error 1
make[2]: Leaving directory '/home/zxy/shopping/build/CMakeFiles/CMakeTmp'
make[1]: *** [Makefile:121: cmTC_faf6e/fast] Error 2
make[1]: Leaving directory '/home/zxy/shopping/build/CMakeFiles/CMakeTmp'


File /home/zxy/shopping/build/CMakeFiles/CMakeTmp/CheckSymbolExists.c:
/* */
#include <OpenCL_INCLUDE_DIR-NOTFOUND/CL/cl.h>

int main(int argc, char** argv)
{
  (void)argv;
#ifndef CL_VERSION_2_0
  return ((int*)(&CL_VERSION_2_0))[argc];
#else
  (void)argc;
  return 0;
#endif
}
Determining if the CL_VERSION_1_2 exist failed with the following output:
Change Dir: /home/zxy/shopping/build/CMakeFiles/CMakeTmp

Run Build Command(s):/usr/bin/make cmTC_2e1a6/fast && make[1]: Entering directory '/home/zxy/shopping/build/CMakeFiles/CMakeTmp'
/usr/bin/make -f CMakeFiles/cmTC_2e1a6.dir/build.make CMakeFiles/cmTC_2e1a6.dir/build
make[2]: Entering directory '/home/zxy/shopping/build/CMakeFiles/CMakeTmp'
Building C object CMakeFiles/cmTC_2e1a6.dir/CheckSymbolExists.c.o
/usr/bin/cc    -o CMakeFiles/cmTC_2e1a6.dir/CheckSymbolExists.c.o   -c /home/zxy/shopping/build/CMakeFiles/CMakeTmp/CheckSymbolExists.c
/home/zxy/shopping/build/CMakeFiles/CMakeTmp/CheckSymbolExists.c:2:10: fatal error: OpenCL_INCLUDE_DIR-NOTFOUND/CL/cl.h: No such file or directory
    2 | #include <OpenCL_INCLUDE_DIR-NOTFOUND/CL/cl.h>
      |          ^~~~~~~~~~~~~~~~~~~~~~~~~~~~~~~~~~~~~
compilation terminated.
make[2]: *** [CMakeFiles/cmTC_2e1a6.dir/build.make:66: CMakeFiles/cmTC_2e1a6.dir/CheckSymbolExists.c.o] Error 1
make[2]: Leaving directory '/home/zxy/shopping/build/CMakeFiles/CMakeTmp'
make[1]: *** [Makefile:121: cmTC_2e1a6/fast] Error 2
make[1]: Leaving directory '/home/zxy/shopping/build/CMakeFiles/CMakeTmp'


File /home/zxy/shopping/build/CMakeFiles/CMakeTmp/CheckSymbolExists.c:
/* */
#include <OpenCL_INCLUDE_DIR-NOTFOUND/CL/cl.h>

int main(int argc, char** argv)
{
  (void)argv;
#ifndef CL_VERSION_1_2
  return ((int*)(&CL_VERSION_1_2))[argc];
#else
  (void)argc;
  return 0;
#endif
}
Determining if the CL_VERSION_1_1 exist failed with the following output:
Change Dir: /home/zxy/shopping/build/CMakeFiles/CMakeTmp

Run Build Command(s):/usr/bin/make cmTC_f95cd/fast && make[1]: Entering directory '/home/zxy/shopping/build/CMakeFiles/CMakeTmp'
/usr/bin/make -f CMakeFiles/cmTC_f95cd.dir/build.make CMakeFiles/cmTC_f95cd.dir/build
make[2]: Entering directory '/home/zxy/shopping/build/CMakeFiles/CMakeTmp'
Building C object CMakeFiles/cmTC_f95cd.dir/CheckSymbolExists.c.o
/usr/bin/cc    -o CMakeFiles/cmTC_f95cd.dir/CheckSymbolExists.c.o   -c /home/zxy/shopping/build/CMakeFiles/CMakeTmp/CheckSymbolExists.c
/home/zxy/shopping/build/CMakeFiles/CMakeTmp/CheckSymbolExists.c:2:10: fatal error: OpenCL_INCLUDE_DIR-NOTFOUND/CL/cl.h: No such file or directory
    2 | #include <OpenCL_INCLUDE_DIR-NOTFOUND/CL/cl.h>
      |          ^~~~~~~~~~~~~~~~~~~~~~~~~~~~~~~~~~~~~
compilation terminated.
make[2]: *** [CMakeFiles/cmTC_f95cd.dir/build.make:66: CMakeFiles/cmTC_f95cd.dir/CheckSymbolExists.c.o] Error 1
make[2]: Leaving directory '/home/zxy/shopping/build/CMakeFiles/CMakeTmp'
make[1]: *** [Makefile:121: cmTC_f95cd/fast] Error 2
make[1]: Leaving directory '/home/zxy/shopping/build/CMakeFiles/CMakeTmp'


File /home/zxy/shopping/build/CMakeFiles/CMakeTmp/CheckSymbolExists.c:
/* */
#include <OpenCL_INCLUDE_DIR-NOTFOUND/CL/cl.h>

int main(int argc, char** argv)
{
  (void)argv;
#ifndef CL_VERSION_1_1
  return ((int*)(&CL_VERSION_1_1))[argc];
#else
  (void)argc;
  return 0;
#endif
}
Determining if the CL_VERSION_1_0 exist failed with the following output:
Change Dir: /home/zxy/shopping/build/CMakeFiles/CMakeTmp

Run Build Command(s):/usr/bin/make cmTC_7def4/fast && make[1]: Entering directory '/home/zxy/shopping/build/CMakeFiles/CMakeTmp'
/usr/bin/make -f CMakeFiles/cmTC_7def4.dir/build.make CMakeFiles/cmTC_7def4.dir/build
make[2]: Entering directory '/home/zxy/shopping/build/CMakeFiles/CMakeTmp'
Building C object CMakeFiles/cmTC_7def4.dir/CheckSymbolExists.c.o
/usr/bin/cc    -o CMakeFiles/cmTC_7def4.dir/CheckSymbolExists.c.o   -c /home/zxy/shopping/build/CMakeFiles/CMakeTmp/CheckSymbolExists.c
/home/zxy/shopping/build/CMakeFiles/CMakeTmp/CheckSymbolExists.c:2:10: fatal error: OpenCL_INCLUDE_DIR-NOTFOUND/CL/cl.h: No such file or directory
    2 | #include <OpenCL_INCLUDE_DIR-NOTFOUND/CL/cl.h>
      |          ^~~~~~~~~~~~~~~~~~~~~~~~~~~~~~~~~~~~~
compilation terminated.
make[2]: *** [CMakeFiles/cmTC_7def4.dir/build.make:66: CMakeFiles/cmTC_7def4.dir/CheckSymbolExists.c.o] Error 1
make[2]: Leaving directory '/home/zxy/shopping/build/CMakeFiles/CMakeTmp'
make[1]: *** [Makefile:121: cmTC_7def4/fast] Error 2
make[1]: Leaving directory '/home/zxy/shopping/build/CMakeFiles/CMakeTmp'


File /home/zxy/shopping/build/CMakeFiles/CMakeTmp/CheckSymbolExists.c:
/* */
#include <OpenCL_INCLUDE_DIR-NOTFOUND/CL/cl.h>

int main(int argc, char** argv)
{
  (void)argv;
#ifndef CL_VERSION_1_0
  return ((int*)(&CL_VERSION_1_0))[argc];
#else
  (void)argc;
  return 0;
#endif
}
